This is pdfTeX, Version 3.14159265-2.6-1.40.20 (TeX Live 2019/W32TeX) (preloaded format=pdflatex 2020.4.6)  4 JUL 2020 00:04
entering extended mode
 restricted \write18 enabled.
 %&-line parsing enabled.
**memoire.tex
(./memoire.tex
LaTeX2e <2020-02-02> patch level 5
L3 programming layer <2020-02-25>
(c:/texlive/2019/texmf-dist/tex/latex/base/book.cls
Document Class: book 2019/12/20 v1.4l Standard LaTeX document class
(c:/texlive/2019/texmf-dist/tex/latex/base/bk12.clo
File: bk12.clo 2019/12/20 v1.4l Standard LaTeX file (size option)
)
\c@part=\count167
\c@chapter=\count168
\c@section=\count169
\c@subsection=\count170
\c@subsubsection=\count171
\c@paragraph=\count172
\c@subparagraph=\count173
\c@figure=\count174
\c@table=\count175
\abovecaptionskip=\skip47
\belowcaptionskip=\skip48
\bibindent=\dimen134
)
(c:/texlive/2019/texmf-dist/tex/latex/graphics/graphicx.sty
Package: graphicx 2019/11/30 v1.2a Enhanced LaTeX Graphics (DPC,SPQR)

(c:/texlive/2019/texmf-dist/tex/latex/graphics/keyval.sty
Package: keyval 2014/10/28 v1.15 key=value parser (DPC)
\KV@toks@=\toks15
)
(c:/texlive/2019/texmf-dist/tex/latex/graphics/graphics.sty
Package: graphics 2019/11/30 v1.4a Standard LaTeX Graphics (DPC,SPQR)

(c:/texlive/2019/texmf-dist/tex/latex/graphics/trig.sty
Package: trig 2016/01/03 v1.10 sin cos tan (DPC)
)
(c:/texlive/2019/texmf-dist/tex/latex/graphics-cfg/graphics.cfg
File: graphics.cfg 2016/06/04 v1.11 sample graphics configuration
)
Package graphics Info: Driver file: pdftex.def on input line 105.

(c:/texlive/2019/texmf-dist/tex/latex/graphics-def/pdftex.def
File: pdftex.def 2018/01/08 v1.0l Graphics/color driver for pdftex
))
\Gin@req@height=\dimen135
\Gin@req@width=\dimen136
)
(c:/texlive/2019/texmf-dist/tex/generic/babel/babel.sty
Package: babel 2020/02/28 3.41 The Babel package

(c:/texlive/2019/texmf-dist/tex/generic/babel/switch.def
File: switch.def 2020/02/28 3.41 Babel switching mechanism
)
(c:/texlive/2019/texmf-dist/tex/generic/babel-french/french.ldf
Language: french 2020/01/30 v3.5g French support from the babel system

(c:/texlive/2019/texmf-dist/tex/generic/babel/babel.def
File: babel.def 2020/02/28 3.41 Babel common definitions
\babel@savecnt=\count176
\U@D=\dimen137

(c:/texlive/2019/texmf-dist/tex/generic/babel/txtbabel.def)
\bbl@readstream=\read2
\bbl@dirlevel=\count177
)
Package babel Info: \l@acadian = using hyphenrules for french
(babel)             (\language28) on input line 91.
Package babel Info: \l@canadien = using hyphenrules for french
(babel)             (\language28) on input line 92.
\FB@nonchar=\count178
Package babel Info: Making : an active character on input line 419.
Package babel Info: Making ; an active character on input line 420.
Package babel Info: Making ! an active character on input line 421.
Package babel Info: Making ? an active character on input line 422.
\FBguill@level=\count179
\FBold@everypar=\toks16
\FB@Mht=\dimen138
\mc@charclass=\count180
\mc@charfam=\count181
\mc@charslot=\count182
\std@mcc=\count183
\dec@mcc=\count184
\c@FBcaption@count=\count185
\listindentFB=\dimen139
\descindentFB=\dimen140
\labelindentFB=\dimen141
\labelwidthFB=\dimen142
\leftmarginFB=\dimen143
\parindentFFN=\dimen144
\FBfnindent=\dimen145
))
(c:/texlive/2019/texmf-dist/tex/latex/carlisle/scalefnt.sty)
(c:/texlive/2019/texmf-dist/tex/latex/base/inputenc.sty
Package: inputenc 2018/08/11 v1.3c Input encoding file
\inpenc@prehook=\toks17
\inpenc@posthook=\toks18
)
(c:/texlive/2019/texmf-dist/tex/latex/base/fontenc.sty
Package: fontenc 2020/02/11 v2.0o Standard LaTeX package
)
(c:/texlive/2019/texmf-dist/tex/latex/multirow/multirow.sty
Package: multirow 2019/05/31 v2.5 Span multiple rows of a table
\multirow@colwidth=\skip49
\multirow@cntb=\count186
\multirow@dima=\skip50
\bigstrutjot=\dimen146
)
(c:/texlive/2019/texmf-dist/tex/latex/listings/listings.sty
\lst@mode=\count187
\lst@gtempboxa=\box45
\lst@token=\toks19
\lst@length=\count188
\lst@currlwidth=\dimen147
\lst@column=\count189
\lst@pos=\count190
\lst@lostspace=\dimen148
\lst@width=\dimen149
\lst@newlines=\count191
\lst@lineno=\count192
\lst@maxwidth=\dimen150

(c:/texlive/2019/texmf-dist/tex/latex/listings/lstmisc.sty
File: lstmisc.sty 2019/09/10 1.8c (Carsten Heinz)
\c@lstnumber=\count193
\lst@skipnumbers=\count194
\lst@framebox=\box46
)
(c:/texlive/2019/texmf-dist/tex/latex/listings/listings.cfg
File: listings.cfg 2019/09/10 1.8c listings configuration
))
Package: listings 2019/09/10 1.8c (Carsten Heinz)

(c:/texlive/2019/texmf-dist/tex/latex/float/float.sty
Package: float 2001/11/08 v1.3d Float enhancements (AL)
\c@float@type=\count195
\float@exts=\toks20
\float@box=\box47
\@float@everytoks=\toks21
\@floatcapt=\box48
)
(c:/texlive/2019/texmf-dist/tex/latex/url/url.sty
\Urlmuskip=\muskip16
Package: url 2013/09/16  ver 3.4  Verb mode for urls, etc.
)
(c:/texlive/2019/texmf-dist/tex/latex/algorithms/algorithm.sty
Package: algorithm 2009/08/24 v0.1 Document Style `algorithm' - floating enviro
nment

(c:/texlive/2019/texmf-dist/tex/latex/base/ifthen.sty
Package: ifthen 2014/09/29 v1.1c Standard LaTeX ifthen package (DPC)
)
\@float@every@algorithm=\toks22
\c@algorithm=\count196
)
(./style/myalgorithm.sty

LaTeX Warning: You have requested package `style/myalgorithm',
               but the package provides `myalgorithm'.

Package: myalgorithm 2004/12/05 - simple algorithm environment (GZ)

LaTeX Warning: You have requested package `style/myalgorithm',
               but the package provides `myalgorithm'.

Package: myalgorithm 
(c:/texlive/2019/texmf-dist/tex/latex/tools/calc.sty
Package: calc 2017/05/25 v4.3 Infix arithmetic (KKT,FJ)
\calc@Acount=\count197
\calc@Bcount=\count198
\calc@Adimen=\dimen151
\calc@Bdimen=\dimen152
\calc@Askip=\skip51
\calc@Bskip=\skip52
LaTeX Info: Redefining \setlength on input line 80.
LaTeX Info: Redefining \addtolength on input line 81.
\calc@Ccount=\count199
\calc@Cskip=\skip53
)
(c:/texlive/2019/texmf-dist/tex/generic/ulem/ulem.sty
\UL@box=\box49
\UL@hyphenbox=\box50
\UL@skip=\skip54
\UL@hook=\toks23
\UL@height=\dimen153
\UL@pe=\count266
\UL@pixel=\dimen154
\ULC@box=\box51
Package: ulem 2019/11/18
\ULdepth=\dimen155
)
\c@ALC@line=\count267
\c@ALC@rem=\count268
\ALC@tlm=\skip55
\ALC@sep=\skip56
)
(c:/texlive/2019/texmf-dist/tex/latex/amsmath/amsmath.sty
Package: amsmath 2020/01/20 v2.17e AMS math features
\@mathmargin=\skip57

For additional information on amsmath, use the `?' option.
(c:/texlive/2019/texmf-dist/tex/latex/amsmath/amstext.sty
Package: amstext 2000/06/29 v2.01 AMS text

(c:/texlive/2019/texmf-dist/tex/latex/amsmath/amsgen.sty
File: amsgen.sty 1999/11/30 v2.0 generic functions
\@emptytoks=\toks24
\ex@=\dimen156
))
(c:/texlive/2019/texmf-dist/tex/latex/amsmath/amsbsy.sty
Package: amsbsy 1999/11/29 v1.2d Bold Symbols
\pmbraise@=\dimen157
)
(c:/texlive/2019/texmf-dist/tex/latex/amsmath/amsopn.sty
Package: amsopn 2016/03/08 v2.02 operator names
)
\inf@bad=\count269
LaTeX Info: Redefining \frac on input line 227.
\uproot@=\count270
\leftroot@=\count271
LaTeX Info: Redefining \overline on input line 389.
\classnum@=\count272
\DOTSCASE@=\count273
LaTeX Info: Redefining \ldots on input line 486.
LaTeX Info: Redefining \dots on input line 489.
LaTeX Info: Redefining \cdots on input line 610.
\Mathstrutbox@=\box52
\strutbox@=\box53
\big@size=\dimen158
LaTeX Font Info:    Redeclaring font encoding OML on input line 733.
LaTeX Font Info:    Redeclaring font encoding OMS on input line 734.
\macc@depth=\count274
\c@MaxMatrixCols=\count275
\dotsspace@=\muskip17
\c@parentequation=\count276
\dspbrk@lvl=\count277
\tag@help=\toks25
\row@=\count278
\column@=\count279
\maxfields@=\count280
\andhelp@=\toks26
\eqnshift@=\dimen159
\alignsep@=\dimen160
\tagshift@=\dimen161
\tagwidth@=\dimen162
\totwidth@=\dimen163
\lineht@=\dimen164
\@envbody=\toks27
\multlinegap=\skip58
\multlinetaggap=\skip59
\mathdisplay@stack=\toks28
LaTeX Info: Redefining \[ on input line 2859.
LaTeX Info: Redefining \] on input line 2860.
)
(c:/texlive/2019/texmf-dist/tex/latex/amsfonts/amsfonts.sty
Package: amsfonts 2013/01/14 v3.01 Basic AMSFonts support
\symAMSa=\mathgroup4
\symAMSb=\mathgroup5
LaTeX Font Info:    Redeclaring math symbol \hbar on input line 98.
LaTeX Font Info:    Overwriting math alphabet `\mathfrak' in version `bold'
(Font)                  U/euf/m/n --> U/euf/b/n on input line 106.
)
(c:/texlive/2019/texmf-dist/tex/latex/amsfonts/amssymb.sty
Package: amssymb 2013/01/14 v3.01 AMS font symbols
)
\@float@every@programslist=\toks29
\c@programslist=\count281
\c@program=\count282

(c:/texlive/2019/texmf-dist/tex/latex/l3backend/l3backend-pdfmode.def
File: l3backend-pdfmode.def 2020-02-23 L3 backend support: PDF mode
\l__kernel_color_stack_int=\count283
\l__pdf_internal_box=\box54
)
(./memoire.aux)
\openout1 = `memoire.aux'.

LaTeX Font Info:    Checking defaults for OML/cmm/m/it on input line 45.
LaTeX Font Info:    ... okay on input line 45.
LaTeX Font Info:    Checking defaults for OMS/cmsy/m/n on input line 45.
LaTeX Font Info:    ... okay on input line 45.
LaTeX Font Info:    Checking defaults for OT1/cmr/m/n on input line 45.
LaTeX Font Info:    ... okay on input line 45.
LaTeX Font Info:    Checking defaults for T1/cmr/m/n on input line 45.
LaTeX Font Info:    ... okay on input line 45.
LaTeX Font Info:    Checking defaults for TS1/cmr/m/n on input line 45.
LaTeX Font Info:    ... okay on input line 45.
LaTeX Font Info:    Checking defaults for OMX/cmex/m/n on input line 45.
LaTeX Font Info:    ... okay on input line 45.
LaTeX Font Info:    Checking defaults for U/cmr/m/n on input line 45.
LaTeX Font Info:    ... okay on input line 45.
 (c:/texlive/2019/texmf-dist/tex/context/base/mkii/supp-pdf.mkii
[Loading MPS to PDF converter (version 2006.09.02).]
\scratchcounter=\count284
\scratchdimen=\dimen165
\scratchbox=\box55
\nofMPsegments=\count285
\nofMParguments=\count286
\everyMPshowfont=\toks30
\MPscratchCnt=\count287
\MPscratchDim=\dimen166
\MPnumerator=\count288
\makeMPintoPDFobject=\count289
\everyMPtoPDFconversion=\toks31
) (c:/texlive/2019/texmf-dist/tex/latex/epstopdf-pkg/epstopdf-base.sty
Package: epstopdf-base 2020-01-24 v2.11 Base part for package epstopdf
Package epstopdf-base Info: Redefining graphics rule for `.eps' on input line 4
85.

(c:/texlive/2019/texmf-dist/tex/latex/latexconfig/epstopdf-sys.cfg
File: epstopdf-sys.cfg 2010/07/13 v1.3 Configuration of (r)epstopdf for TeX Liv
e
))
LaTeX Info: Redefining \degres on input line 45.
LaTeX Info: Redefining \dots on input line 45.
LaTeX Info: Redefining \up on input line 45.
\c@lstlisting=\count290
LaTeX Font Info:    Trying to load font information for U+msa on input line 48.


(c:/texlive/2019/texmf-dist/tex/latex/amsfonts/umsa.fd
File: umsa.fd 2013/01/14 v3.01 AMS symbols A
)
LaTeX Font Info:    Trying to load font information for U+msb on input line 48.


(c:/texlive/2019/texmf-dist/tex/latex/amsfonts/umsb.fd
File: umsb.fd 2013/01/14 v3.01 AMS symbols B
)
<images/m2ise.png, id=1, 621.32124pt x 300.12125pt>
File: images/m2ise.png Graphic file (type png)
<use images/m2ise.png>
Package pdftex.def Info: images/m2ise.png  used on input line 49.
(pdftex.def)             Requested size: 117.80576pt x 56.9055pt.
<images/p8.png, id=3, 1204.5pt x 671.50874pt>
File: images/p8.png Graphic file (type png)
<use images/p8.png>
Package pdftex.def Info: images/p8.png  used on input line 50.
(pdftex.def)             Requested size: 127.58817pt x 71.13188pt.
 [1


{c:/texlive/2019/texmf-var/fonts/map/pdftex/updmap/pdftex.map} <./images/m2ise.
png> <./images/p8.png>] [2

]
Underfull \hbox (badness 10000) in paragraph at lines 74--75

 []


Underfull \hbox (badness 10000) in paragraph at lines 76--77

 []

[1

] [2

] [3] [4

] (./memoire.toc [5])
\tf@toc=\write3
\openout3 = `memoire.toc'.

 [6] (./memoire.lof)
\tf@lof=\write4
\openout4 = `memoire.lof'.

 [7

] [8

]
Underfull \hbox (badness 10000) in paragraph at lines 105--106

 []


Underfull \hbox (badness 10000) in paragraph at lines 109--110

 []

[1

] [2

]
Chapitre 1.
[3]
Underfull \vbox (badness 1237) has occurred while \output is active []

 [4]
<fig/etape-acquisition-son.png, id=61, 945.5325pt x 228.855pt>
File: fig/etape-acquisition-son.png Graphic file (type png)
<use fig/etape-acquisition-son.png>
Package pdftex.def Info: fig/etape-acquisition-son.png  used on input line 145.

(pdftex.def)             Requested size: 467.99881pt x 113.27484pt.

Overfull \hbox (77.99881pt too wide) in paragraph at lines 145--146
 [][] 
 []

[5 <./fig/etape-acquisition-son.png>] [6]
<fig/fourier.png, id=68, 551.05875pt x 255.95625pt>
File: fig/fourier.png Graphic file (type png)
<use fig/fourier.png>
Package pdftex.def Info: fig/fourier.png  used on input line 196.
(pdftex.def)             Requested size: 390.0pt x 181.15608pt.

Underfull \vbox (badness 1661) has occurred while \output is active []

 [7]
<fig/mfcc.png, id=72, 719.68875pt x 436.63126pt>
File: fig/mfcc.png Graphic file (type png)
<use fig/mfcc.png>
Package pdftex.def Info: fig/mfcc.png  used on input line 219.
(pdftex.def)             Requested size: 390.0pt x 236.61684pt.

[8 <./fig/fourier.png>] [9 <./fig/mfcc.png>]
<fig/model.png, id=80, 894.34125pt x 382.42876pt>
File: fig/model.png Graphic file (type png)
<use fig/model.png>
Package pdftex.def Info: fig/model.png  used on input line 273.
(pdftex.def)             Requested size: 390.0pt x 166.76947pt.
 [10] [11 <./fig/model.png>]
<fig/markov.png, id=87, 606.76688pt x 371.88937pt>
File: fig/markov.png Graphic file (type png)
<use fig/markov.png>
Package pdftex.def Info: fig/markov.png  used on input line 329.
(pdftex.def)             Requested size: 272.99881pt x 167.32596pt.

[12]
Overfull \hbox (30.86748pt too wide) in paragraph at lines 351--351
[]\T1/cmr/bx/n/14.4 Approche par Dy-na-mic time wrap-ping ap-proch(DTW) 
 []

[13 <./fig/markov.png>] [14]
Chapitre 2.
[15

] [16]
LaTeX Font Info:    Trying to load font information for T1+cmtt on input line 4
36.
 (c:/texlive/2019/texmf-dist/tex/latex/base/t1cmtt.fd
File: t1cmtt.fd 2019/12/16 v2.5j Standard LaTeX font definitions
)
Overfull \hbox (4.31607pt too wide) in paragraph at lines 436--437
[]\T1/cmr/m/n/12 Nous uti-li-sons le pro-gramme ^^S Train-World ^^T, pré-sent d
ans Alize / \T1/cmtt/m/n/12 LIA_RAL\T1/cmr/m/n/12 ,
 []

[17]
<images/trainFile.png, id=109, 642.4pt x 481.8pt>
File: images/trainFile.png Graphic file (type png)
<use images/trainFile.png>
Package pdftex.def Info: images/trainFile.png  used on input line 450.
(pdftex.def)             Requested size: 390.0pt x 292.5081pt.

Underfull \hbox (badness 10000) in paragraph at lines 460--461

 []

[18 <./images/trainFile.png>]
<images/testFile.png, id=114, 1025.8325pt x 419.5675pt>
File: images/testFile.png Graphic file (type png)
<use images/testFile.png>
Package pdftex.def Info: images/testFile.png  used on input line 466.
(pdftex.def)             Requested size: 390.0pt x 159.50772pt.

Underfull \hbox (badness 10000) in paragraph at lines 474--475

 []

[19 <./images/testFile.png>]
<images/goodResultExample.png, id=119, 273.02pt x 91.34125pt>
File: images/goodResultExample.png Graphic file (type png)
<use images/goodResultExample.png>
Package pdftex.def Info: images/goodResultExample.png  used on input line 490.
(pdftex.def)             Requested size: 195.0pt x 65.2388pt.
 [20 <./images/goodResultExample.png>]
Chapitre 3.
No file memoire.bbl.
[21

] (./memoire.aux) ) 
Here is how much of TeX's memory you used:
 5896 strings out of 480994
 79274 string characters out of 5916033
 331465 words of memory out of 5000000
 21303 multiletter control sequences out of 15000+600000
 548728 words of font info for 59 fonts, out of 8000000 for 9000
 1141 hyphenation exceptions out of 8191
 30i,10n,36p,2394b,426s stack positions out of 5000i,500n,10000p,200000b,80000s
{c:/texlive/2019/texmf-dist/fonts/enc/dvips/cm-super/cm-supe
r-t1.enc}<c:/texlive/2019/texmf-dist/fonts/type1/public/cm-super/sfbx1200.pfb><
c:/texlive/2019/texmf-dist/fonts/type1/public/cm-super/sfbx1440.pfb><c:/texlive
/2019/texmf-dist/fonts/type1/public/cm-super/sfbx1728.pfb><c:/texlive/2019/texm
f-dist/fonts/type1/public/cm-super/sfbx2488.pfb><c:/texlive/2019/texmf-dist/fon
ts/type1/public/cm-super/sfcc1200.pfb><c:/texlive/2019/texmf-dist/fonts/type1/p
ublic/cm-super/sfcc1440.pfb><c:/texlive/2019/texmf-dist/fonts/type1/public/cm-s
uper/sfrm0800.pfb><c:/texlive/2019/texmf-dist/fonts/type1/public/cm-super/sfrm1
000.pfb><c:/texlive/2019/texmf-dist/fonts/type1/public/cm-super/sfrm1200.pfb><c
:/texlive/2019/texmf-dist/fonts/type1/public/cm-super/sfrm1440.pfb><c:/texlive/
2019/texmf-dist/fonts/type1/public/cm-super/sfsl1200.pfb><c:/texlive/2019/texmf
-dist/fonts/type1/public/cm-super/sfti1200.pfb><c:/texlive/2019/texmf-dist/font
s/type1/public/cm-super/sftt1200.pfb>
Output written on memoire.pdf (31 pages, 1653320 bytes).
PDF statistics:
 174 PDF objects out of 1000 (max. 8388607)
 111 compressed objects within 2 object streams
 0 named destinations out of 1000 (max. 500000)
 51 words of extra memory for PDF output out of 10000 (max. 10000000)

